<?xml version="1.0" encoding="UTF-8"?>
<robot generator="Robot 6.0 (Python 3.10.8 on win32)" generated="20221022 19:20:50.082" rpa="false" schemaversion="3">
<suite id="s1" name="Watchlist Test" source="C:\Users\dapss\PycharmProjects\imdb_InterviewTask\Watchlist_Test.robot">
<test id="s1-t1" name="Verify that movie was succesfully added to watch-list" line="11">
<kw name="Login to the Signin page" library="Watchlist_Keywords">
<kw name="Open Browser" library="SeleniumLibrary">
<arg>${URL}</arg>
<arg>${BROWSER}</arg>
<doc>Opens a new browser instance to the optional ``url``.</doc>
<msg timestamp="20221022 19:20:50.520" level="INFO">Opening browser 'chrome' to base url 'https://www.imdb.com/chart/top/?ref_=nv_mv_250'.</msg>
<status status="PASS" starttime="20221022 19:20:50.520" endtime="20221022 19:20:57.531"/>
</kw>
<kw name="Maximize Browser Window" library="SeleniumLibrary">
<doc>Maximizes current browser window.</doc>
<status status="PASS" starttime="20221022 19:20:57.531" endtime="20221022 19:20:58.052"/>
</kw>
<kw name="Wait And CLick Element" library="Watchlist_Keywords">
<arg>${PAGE_SIGNIN_BTN}</arg>
<doc>Wait for element to be enable before clicking</doc>
<kw name="Wait Until Element Is Enabled" library="SeleniumLibrary">
<arg>${selector}</arg>
<doc>Waits until the element ``locator`` is enabled.</doc>
<status status="PASS" starttime="20221022 19:20:58.054" endtime="20221022 19:20:58.193"/>
</kw>
<kw name="Click Element" library="SeleniumLibrary">
<arg>${selector}</arg>
<doc>Click the element identified by ``locator``.</doc>
<msg timestamp="20221022 19:20:58.193" level="INFO">Clicking element 'xpath://*[@id="imdbHeader"]/div[2]/div[5]/a/div'.</msg>
<status status="PASS" starttime="20221022 19:20:58.193" endtime="20221022 19:20:59.974"/>
</kw>
<status status="PASS" starttime="20221022 19:20:58.053" endtime="20221022 19:20:59.974"/>
</kw>
<kw name="Wait And CLick Element" library="Watchlist_Keywords">
<arg>${SIGNIN_IMDB}</arg>
<doc>Wait for element to be enable before clicking</doc>
<kw name="Wait Until Element Is Enabled" library="SeleniumLibrary">
<arg>${selector}</arg>
<doc>Waits until the element ``locator`` is enabled.</doc>
<status status="PASS" starttime="20221022 19:20:59.975" endtime="20221022 19:21:00.043"/>
</kw>
<kw name="Click Element" library="SeleniumLibrary">
<arg>${selector}</arg>
<doc>Click the element identified by ``locator``.</doc>
<msg timestamp="20221022 19:21:00.044" level="INFO">Clicking element 'class:auth-provider-text'.</msg>
<status status="PASS" starttime="20221022 19:21:00.043" endtime="20221022 19:21:01.364"/>
</kw>
<status status="PASS" starttime="20221022 19:20:59.974" endtime="20221022 19:21:01.364"/>
</kw>
<status status="PASS" starttime="20221022 19:20:50.520" endtime="20221022 19:21:01.364"/>
</kw>
<kw name="Add To Watch-list" library="Watchlist_Keywords">
<arg>${USER_EMAIl}</arg>
<arg>${USER_PASSWORD}</arg>
<kw name="Wait And Input Text" library="Watchlist_Keywords">
<arg>${SIGNIN_EMAIL}</arg>
<arg>${username}</arg>
<doc>Wait for element to be enable before inputing text</doc>
<kw name="Wait Until Element Is Enabled" library="SeleniumLibrary">
<arg>${selector}</arg>
<doc>Waits until the element ``locator`` is enabled.</doc>
<status status="PASS" starttime="20221022 19:21:01.366" endtime="20221022 19:21:01.399"/>
</kw>
<kw name="Input Text" library="SeleniumLibrary">
<arg>${selector}</arg>
<arg>${text}</arg>
<doc>Types the given ``text`` into the text field identified by ``locator``.</doc>
<msg timestamp="20221022 19:21:01.399" level="INFO">Typing text 'dapo_aiye@yahoo.com' into text field 'id:ap_email'.</msg>
<status status="PASS" starttime="20221022 19:21:01.399" endtime="20221022 19:21:01.608"/>
</kw>
<status status="PASS" starttime="20221022 19:21:01.365" endtime="20221022 19:21:01.608"/>
</kw>
<kw name="Wait And Input Text" library="Watchlist_Keywords">
<arg>${SIGNIN_PASSWORD}</arg>
<arg>${password}</arg>
<doc>Wait for element to be enable before inputing text</doc>
<kw name="Wait Until Element Is Enabled" library="SeleniumLibrary">
<arg>${selector}</arg>
<doc>Waits until the element ``locator`` is enabled.</doc>
<status status="PASS" starttime="20221022 19:21:01.609" endtime="20221022 19:21:01.652"/>
</kw>
<kw name="Input Text" library="SeleniumLibrary">
<arg>${selector}</arg>
<arg>${text}</arg>
<doc>Types the given ``text`` into the text field identified by ``locator``.</doc>
<msg timestamp="20221022 19:21:01.653" level="INFO">Typing text 'colour123' into text field 'id:ap_password'.</msg>
<status status="PASS" starttime="20221022 19:21:01.652" endtime="20221022 19:21:02.151"/>
</kw>
<status status="PASS" starttime="20221022 19:21:01.608" endtime="20221022 19:21:02.152"/>
</kw>
<kw name="Wait And CLick Element" library="Watchlist_Keywords">
<arg>${SIGNIN_USER_BNT}</arg>
<doc>Wait for element to be enable before clicking</doc>
<kw name="Wait Until Element Is Enabled" library="SeleniumLibrary">
<arg>${selector}</arg>
<doc>Waits until the element ``locator`` is enabled.</doc>
<status status="PASS" starttime="20221022 19:21:02.153" endtime="20221022 19:21:02.202"/>
</kw>
<kw name="Click Element" library="SeleniumLibrary">
<arg>${selector}</arg>
<doc>Click the element identified by ``locator``.</doc>
<msg timestamp="20221022 19:21:02.203" level="INFO">Clicking element 'id:signInSubmit'.</msg>
<status status="PASS" starttime="20221022 19:21:02.202" endtime="20221022 19:21:02.429"/>
</kw>
<status status="PASS" starttime="20221022 19:21:02.152" endtime="20221022 19:21:02.430"/>
</kw>
<kw name="Click Link" library="SeleniumLibrary">
<arg>${ADDED_MOVIE}</arg>
<doc>Clicks a link identified by ``locator``.</doc>
<msg timestamp="20221022 19:21:02.432" level="INFO">Clicking link 'The Shawshank Redemption'.</msg>
<status status="PASS" starttime="20221022 19:21:02.430" endtime="20221022 19:21:11.601"/>
</kw>
<kw name="Wait And CLick Element" library="Watchlist_Keywords">
<arg>${ADD_TO_WATCHLIST}</arg>
<doc>Wait for element to be enable before clicking</doc>
<kw name="Wait Until Element Is Enabled" library="SeleniumLibrary">
<arg>${selector}</arg>
<doc>Waits until the element ``locator`` is enabled.</doc>
<status status="PASS" starttime="20221022 19:21:11.602" endtime="20221022 19:21:11.907"/>
</kw>
<kw name="Click Element" library="SeleniumLibrary">
<arg>${selector}</arg>
<doc>Click the element identified by ``locator``.</doc>
<msg timestamp="20221022 19:21:11.909" level="INFO">Clicking element 'class:ipc-btn__text'.</msg>
<status status="PASS" starttime="20221022 19:21:11.908" endtime="20221022 19:21:13.188"/>
</kw>
<status status="PASS" starttime="20221022 19:21:11.602" endtime="20221022 19:21:13.188"/>
</kw>
<kw name="Page Should Contain" library="SeleniumLibrary">
<arg>The Shawshank Redemption</arg>
<doc>Verifies that current page contains ``text``.</doc>
<msg timestamp="20221022 19:21:13.305" level="INFO">Current page contains text 'The Shawshank Redemption'.</msg>
<status status="PASS" starttime="20221022 19:21:13.189" endtime="20221022 19:21:13.305"/>
</kw>
<kw name="Close Browser" library="SeleniumLibrary" type="TEARDOWN">
<doc>Closes the current browser.</doc>
<status status="PASS" starttime="20221022 19:21:13.306" endtime="20221022 19:21:15.905"/>
</kw>
<status status="PASS" starttime="20221022 19:21:01.365" endtime="20221022 19:21:15.905"/>
</kw>
<status status="PASS" starttime="20221022 19:20:50.520" endtime="20221022 19:21:15.905"/>
</test>
<test id="s1-t2" name="Verify that movie was succesfully removed to watch-list" line="16">
<kw name="Login to the Signin page" library="Watchlist_Keywords">
<kw name="Open Browser" library="SeleniumLibrary">
<arg>${URL}</arg>
<arg>${BROWSER}</arg>
<doc>Opens a new browser instance to the optional ``url``.</doc>
<msg timestamp="20221022 19:21:15.921" level="INFO">Opening browser 'chrome' to base url 'https://www.imdb.com/chart/top/?ref_=nv_mv_250'.</msg>
<status status="PASS" starttime="20221022 19:21:15.905" endtime="20221022 19:21:22.973"/>
</kw>
<kw name="Maximize Browser Window" library="SeleniumLibrary">
<doc>Maximizes current browser window.</doc>
<status status="PASS" starttime="20221022 19:21:22.974" endtime="20221022 19:21:23.364"/>
</kw>
<kw name="Wait And CLick Element" library="Watchlist_Keywords">
<arg>${PAGE_SIGNIN_BTN}</arg>
<doc>Wait for element to be enable before clicking</doc>
<kw name="Wait Until Element Is Enabled" library="SeleniumLibrary">
<arg>${selector}</arg>
<doc>Waits until the element ``locator`` is enabled.</doc>
<status status="PASS" starttime="20221022 19:21:23.366" endtime="20221022 19:21:23.473"/>
</kw>
<kw name="Click Element" library="SeleniumLibrary">
<arg>${selector}</arg>
<doc>Click the element identified by ``locator``.</doc>
<msg timestamp="20221022 19:21:23.473" level="INFO">Clicking element 'xpath://*[@id="imdbHeader"]/div[2]/div[5]/a/div'.</msg>
<status status="PASS" starttime="20221022 19:21:23.473" endtime="20221022 19:21:25.084"/>
</kw>
<status status="PASS" starttime="20221022 19:21:23.364" endtime="20221022 19:21:25.085"/>
</kw>
<kw name="Wait And CLick Element" library="Watchlist_Keywords">
<arg>${SIGNIN_IMDB}</arg>
<doc>Wait for element to be enable before clicking</doc>
<kw name="Wait Until Element Is Enabled" library="SeleniumLibrary">
<arg>${selector}</arg>
<doc>Waits until the element ``locator`` is enabled.</doc>
<status status="PASS" starttime="20221022 19:21:25.087" endtime="20221022 19:21:25.156"/>
</kw>
<kw name="Click Element" library="SeleniumLibrary">
<arg>${selector}</arg>
<doc>Click the element identified by ``locator``.</doc>
<msg timestamp="20221022 19:21:25.157" level="INFO">Clicking element 'class:auth-provider-text'.</msg>
<status status="PASS" starttime="20221022 19:21:25.156" endtime="20221022 19:21:26.077"/>
</kw>
<status status="PASS" starttime="20221022 19:21:25.086" endtime="20221022 19:21:26.077"/>
</kw>
<status status="PASS" starttime="20221022 19:21:15.905" endtime="20221022 19:21:26.078"/>
</kw>
<kw name="Delete From Watch-List" library="Watchlist_Keywords">
<arg>${USER_EMAIl}</arg>
<arg>${USER_PASSWORD}</arg>
<kw name="Wait And Input Text" library="Watchlist_Keywords">
<arg>${SIGNIN_EMAIL}</arg>
<arg>${username}</arg>
<doc>Wait for element to be enable before inputing text</doc>
<kw name="Wait Until Element Is Enabled" library="SeleniumLibrary">
<arg>${selector}</arg>
<doc>Waits until the element ``locator`` is enabled.</doc>
<status status="PASS" starttime="20221022 19:21:26.079" endtime="20221022 19:21:26.136"/>
</kw>
<kw name="Input Text" library="SeleniumLibrary">
<arg>${selector}</arg>
<arg>${text}</arg>
<doc>Types the given ``text`` into the text field identified by ``locator``.</doc>
<msg timestamp="20221022 19:21:26.138" level="INFO">Typing text 'dapo_aiye@yahoo.com' into text field 'id:ap_email'.</msg>
<status status="PASS" starttime="20221022 19:21:26.136" endtime="20221022 19:21:26.373"/>
</kw>
<status status="PASS" starttime="20221022 19:21:26.079" endtime="20221022 19:21:26.373"/>
</kw>
<kw name="Wait And Input Text" library="Watchlist_Keywords">
<arg>${SIGNIN_PASSWORD}</arg>
<arg>${password}</arg>
<doc>Wait for element to be enable before inputing text</doc>
<kw name="Wait Until Element Is Enabled" library="SeleniumLibrary">
<arg>${selector}</arg>
<doc>Waits until the element ``locator`` is enabled.</doc>
<status status="PASS" starttime="20221022 19:21:26.374" endtime="20221022 19:21:26.416"/>
</kw>
<kw name="Input Text" library="SeleniumLibrary">
<arg>${selector}</arg>
<arg>${text}</arg>
<doc>Types the given ``text`` into the text field identified by ``locator``.</doc>
<msg timestamp="20221022 19:21:26.417" level="INFO">Typing text 'colour123' into text field 'id:ap_password'.</msg>
<status status="PASS" starttime="20221022 19:21:26.416" endtime="20221022 19:21:26.846"/>
</kw>
<status status="PASS" starttime="20221022 19:21:26.373" endtime="20221022 19:21:26.846"/>
</kw>
<kw name="Wait And CLick Element" library="Watchlist_Keywords">
<arg>${SIGNIN_USER_BNT}</arg>
<doc>Wait for element to be enable before clicking</doc>
<kw name="Wait Until Element Is Enabled" library="SeleniumLibrary">
<arg>${selector}</arg>
<doc>Waits until the element ``locator`` is enabled.</doc>
<status status="PASS" starttime="20221022 19:21:26.848" endtime="20221022 19:21:26.889"/>
</kw>
<kw name="Click Element" library="SeleniumLibrary">
<arg>${selector}</arg>
<doc>Click the element identified by ``locator``.</doc>
<msg timestamp="20221022 19:21:26.890" level="INFO">Clicking element 'id:signInSubmit'.</msg>
<status status="PASS" starttime="20221022 19:21:26.889" endtime="20221022 19:21:27.062"/>
</kw>
<status status="PASS" starttime="20221022 19:21:26.847" endtime="20221022 19:21:27.062"/>
</kw>
<kw name="Wait And CLick Element" library="Watchlist_Keywords">
<arg>${WATCHLIST_TOP_BNT}</arg>
<doc>Wait for element to be enable before clicking</doc>
<kw name="Wait Until Element Is Enabled" library="SeleniumLibrary">
<arg>${selector}</arg>
<doc>Waits until the element ``locator`` is enabled.</doc>
<status status="PASS" starttime="20221022 19:21:27.063" endtime="20221022 19:21:31.953"/>
</kw>
<kw name="Click Element" library="SeleniumLibrary">
<arg>${selector}</arg>
<doc>Click the element identified by ``locator``.</doc>
<msg timestamp="20221022 19:21:31.954" level="INFO">Clicking element 'xpath://*[@id="imdbHeader"]/div[2]/div[4]/a'.</msg>
<status status="PASS" starttime="20221022 19:21:31.953" endtime="20221022 19:21:35.270"/>
</kw>
<status status="PASS" starttime="20221022 19:21:27.062" endtime="20221022 19:21:35.270"/>
</kw>
<kw name="Wait And CLick Element" library="Watchlist_Keywords">
<arg>${WATCHLIST_REMOVE}</arg>
<doc>Wait for element to be enable before clicking</doc>
<kw name="Wait Until Element Is Enabled" library="SeleniumLibrary">
<arg>${selector}</arg>
<doc>Waits until the element ``locator`` is enabled.</doc>
<status status="PASS" starttime="20221022 19:21:35.271" endtime="20221022 19:21:35.332"/>
</kw>
<kw name="Click Element" library="SeleniumLibrary">
<arg>${selector}</arg>
<doc>Click the element identified by ``locator``.</doc>
<msg timestamp="20221022 19:21:35.333" level="INFO">Clicking element 'xpath://*[@id="page-1"]/div/div/div[1]/div'.</msg>
<status status="PASS" starttime="20221022 19:21:35.332" endtime="20221022 19:21:35.430"/>
</kw>
<status status="PASS" starttime="20221022 19:21:35.270" endtime="20221022 19:21:35.431"/>
</kw>
<kw name="Reload Page" library="SeleniumLibrary">
<doc>Simulates user reloading page.</doc>
<status status="PASS" starttime="20221022 19:21:35.431" endtime="20221022 19:21:35.471"/>
</kw>
<kw name="Page Should Contain" library="SeleniumLibrary">
<arg>Your Watchlist is empty</arg>
<doc>Verifies that current page contains ``text``.</doc>
<msg timestamp="20221022 19:21:37.918" level="INFO">Current page contains text 'Your Watchlist is empty'.</msg>
<status status="PASS" starttime="20221022 19:21:35.472" endtime="20221022 19:21:37.919"/>
</kw>
<kw name="Close Browser" library="SeleniumLibrary" type="TEARDOWN">
<doc>Closes the current browser.</doc>
<status status="PASS" starttime="20221022 19:21:37.919" endtime="20221022 19:21:40.338"/>
</kw>
<status status="PASS" starttime="20221022 19:21:26.078" endtime="20221022 19:21:40.338"/>
</kw>
<status status="PASS" starttime="20221022 19:21:15.905" endtime="20221022 19:21:40.338"/>
</test>
<doc>Validation of Watch-List</doc>
<status status="PASS" starttime="20221022 19:20:50.082" endtime="20221022 19:21:40.338"/>
</suite>
<statistics>
<total>
<stat pass="2" fail="0" skip="0">All Tests</stat>
</total>
<tag>
</tag>
<suite>
<stat pass="2" fail="0" skip="0" id="s1" name="Watchlist Test">Watchlist Test</stat>
</suite>
</statistics>
<errors>
</errors>
</robot>
