<?xml version="1.0" encoding="UTF-8"?>
<robot generator="Robot 6.0 (Python 3.10.8 on win32)" generated="20221022 23:57:04.190" rpa="false" schemaversion="3">
<suite id="s1" name="Watchlist Test" source="C:\Users\dapss\PycharmProjects\imdb_InterviewTask\Watchlist_Test.robot">
<test id="s1-t1" name="Verify that movie was succesfully added to watch-list" line="11">
<kw name="Login to the Signin page" library="Watchlist_Keywords">
<kw name="Open Browser" library="SeleniumLibrary">
<arg>${URL}</arg>
<arg>${BROWSER}</arg>
<doc>Opens a new browser instance to the optional ``url``.</doc>
<msg timestamp="20221022 23:57:04.643" level="INFO">Opening browser 'chrome' to base url 'https://www.imdb.com/chart/top/?ref_=nv_mv_250'.</msg>
<status status="PASS" starttime="20221022 23:57:04.643" endtime="20221022 23:57:14.952"/>
</kw>
<kw name="Maximize Browser Window" library="SeleniumLibrary">
<doc>Maximizes current browser window.</doc>
<status status="PASS" starttime="20221022 23:57:14.952" endtime="20221022 23:57:15.334"/>
</kw>
<kw name="Wait And CLick Element" library="Watchlist_Keywords">
<arg>${PAGE_SIGNIN_BTN}</arg>
<doc>Wait for element to be enable before clicking</doc>
<kw name="Wait Until Element Is Enabled" library="SeleniumLibrary">
<arg>${selector}</arg>
<doc>Waits until the element ``locator`` is enabled.</doc>
<status status="PASS" starttime="20221022 23:57:15.337" endtime="20221022 23:57:15.519"/>
</kw>
<kw name="Click Element" library="SeleniumLibrary">
<arg>${selector}</arg>
<doc>Click the element identified by ``locator``.</doc>
<msg timestamp="20221022 23:57:15.520" level="INFO">Clicking element 'xpath://*[@id="imdbHeader"]/div[2]/div[5]/a/div'.</msg>
<status status="PASS" starttime="20221022 23:57:15.519" endtime="20221022 23:57:17.216"/>
</kw>
<status status="PASS" starttime="20221022 23:57:15.336" endtime="20221022 23:57:17.216"/>
</kw>
<kw name="Wait And CLick Element" library="Watchlist_Keywords">
<arg>${SIGNIN_IMDB}</arg>
<doc>Wait for element to be enable before clicking</doc>
<kw name="Wait Until Element Is Enabled" library="SeleniumLibrary">
<arg>${selector}</arg>
<doc>Waits until the element ``locator`` is enabled.</doc>
<status status="PASS" starttime="20221022 23:57:17.217" endtime="20221022 23:57:17.284"/>
</kw>
<kw name="Click Element" library="SeleniumLibrary">
<arg>${selector}</arg>
<doc>Click the element identified by ``locator``.</doc>
<msg timestamp="20221022 23:57:17.285" level="INFO">Clicking element 'class:auth-provider-text'.</msg>
<status status="PASS" starttime="20221022 23:57:17.285" endtime="20221022 23:57:18.182"/>
</kw>
<status status="PASS" starttime="20221022 23:57:17.216" endtime="20221022 23:57:18.183"/>
</kw>
<status status="PASS" starttime="20221022 23:57:04.642" endtime="20221022 23:57:18.183"/>
</kw>
<kw name="Add To Watch-list" library="Watchlist_Keywords">
<arg>${USER_EMAIl}</arg>
<arg>${USER_PASSWORD}</arg>
<kw name="Wait And Input Text" library="Watchlist_Keywords">
<arg>${SIGNIN_EMAIL}</arg>
<arg>${username}</arg>
<doc>Wait for element to be enable before inputing text</doc>
<kw name="Wait Until Element Is Enabled" library="SeleniumLibrary">
<arg>${selector}</arg>
<doc>Waits until the element ``locator`` is enabled.</doc>
<status status="PASS" starttime="20221022 23:57:18.186" endtime="20221022 23:57:18.233"/>
</kw>
<kw name="Input Text" library="SeleniumLibrary">
<arg>${selector}</arg>
<arg>${text}</arg>
<doc>Types the given ``text`` into the text field identified by ``locator``.</doc>
<msg timestamp="20221022 23:57:18.234" level="INFO">Typing text 'dapo_aiye@yahoo.com' into text field 'id:ap_email'.</msg>
<status status="PASS" starttime="20221022 23:57:18.233" endtime="20221022 23:57:18.534"/>
</kw>
<status status="PASS" starttime="20221022 23:57:18.185" endtime="20221022 23:57:18.535"/>
</kw>
<kw name="Wait And Input Text" library="Watchlist_Keywords">
<arg>${SIGNIN_PASSWORD}</arg>
<arg>${password}</arg>
<doc>Wait for element to be enable before inputing text</doc>
<kw name="Wait Until Element Is Enabled" library="SeleniumLibrary">
<arg>${selector}</arg>
<doc>Waits until the element ``locator`` is enabled.</doc>
<status status="PASS" starttime="20221022 23:57:18.536" endtime="20221022 23:57:18.578"/>
</kw>
<kw name="Input Text" library="SeleniumLibrary">
<arg>${selector}</arg>
<arg>${text}</arg>
<doc>Types the given ``text`` into the text field identified by ``locator``.</doc>
<msg timestamp="20221022 23:57:18.579" level="INFO">Typing text 'colour123' into text field 'id:ap_password'.</msg>
<status status="PASS" starttime="20221022 23:57:18.578" endtime="20221022 23:57:19.012"/>
</kw>
<status status="PASS" starttime="20221022 23:57:18.535" endtime="20221022 23:57:19.013"/>
</kw>
<kw name="Wait And CLick Element" library="Watchlist_Keywords">
<arg>${SIGNIN_USER_BNT}</arg>
<doc>Wait for element to be enable before clicking</doc>
<kw name="Wait Until Element Is Enabled" library="SeleniumLibrary">
<arg>${selector}</arg>
<doc>Waits until the element ``locator`` is enabled.</doc>
<status status="PASS" starttime="20221022 23:57:19.014" endtime="20221022 23:57:19.055"/>
</kw>
<kw name="Click Element" library="SeleniumLibrary">
<arg>${selector}</arg>
<doc>Click the element identified by ``locator``.</doc>
<msg timestamp="20221022 23:57:19.056" level="INFO">Clicking element 'id:signInSubmit'.</msg>
<status status="PASS" starttime="20221022 23:57:19.055" endtime="20221022 23:57:19.274"/>
</kw>
<status status="PASS" starttime="20221022 23:57:19.013" endtime="20221022 23:57:19.275"/>
</kw>
<kw name="Click Link" library="SeleniumLibrary">
<arg>${ADDED_MOVIE}</arg>
<doc>Clicks a link identified by ``locator``.</doc>
<msg timestamp="20221022 23:57:19.277" level="INFO">Clicking link 'The Shawshank Redemption'.</msg>
<status status="PASS" starttime="20221022 23:57:19.275" endtime="20221022 23:57:29.440"/>
</kw>
<kw name="Wait And CLick Element" library="Watchlist_Keywords">
<arg>${ADD_TO_WATCHLIST}</arg>
<doc>Wait for element to be enable before clicking</doc>
<kw name="Wait Until Element Is Enabled" library="SeleniumLibrary">
<arg>${selector}</arg>
<doc>Waits until the element ``locator`` is enabled.</doc>
<status status="PASS" starttime="20221022 23:57:29.444" endtime="20221022 23:57:29.918"/>
</kw>
<kw name="Click Element" library="SeleniumLibrary">
<arg>${selector}</arg>
<doc>Click the element identified by ``locator``.</doc>
<msg timestamp="20221022 23:57:29.919" level="INFO">Clicking element 'class:ipc-btn__text'.</msg>
<status status="PASS" starttime="20221022 23:57:29.918" endtime="20221022 23:57:30.367"/>
</kw>
<status status="PASS" starttime="20221022 23:57:29.440" endtime="20221022 23:57:30.367"/>
</kw>
<kw name="Page Should Contain" library="SeleniumLibrary">
<arg>The Shawshank Redemption</arg>
<doc>Verifies that current page contains ``text``.</doc>
<msg timestamp="20221022 23:57:30.520" level="INFO">Current page contains text 'The Shawshank Redemption'.</msg>
<status status="PASS" starttime="20221022 23:57:30.367" endtime="20221022 23:57:30.520"/>
</kw>
<kw name="Close Browser" library="SeleniumLibrary" type="TEARDOWN">
<doc>Closes the current browser.</doc>
<status status="PASS" starttime="20221022 23:57:30.520" endtime="20221022 23:57:33.179"/>
</kw>
<status status="PASS" starttime="20221022 23:57:18.183" endtime="20221022 23:57:33.180"/>
</kw>
<status status="PASS" starttime="20221022 23:57:04.641" endtime="20221022 23:57:33.182"/>
</test>
<test id="s1-t2" name="Verify that movie was succesfully removed to watch-list" line="16">
<kw name="Login to the Signin page" library="Watchlist_Keywords">
<kw name="Open Browser" library="SeleniumLibrary">
<arg>${URL}</arg>
<arg>${BROWSER}</arg>
<doc>Opens a new browser instance to the optional ``url``.</doc>
<msg timestamp="20221022 23:57:33.193" level="INFO">Opening browser 'chrome' to base url 'https://www.imdb.com/chart/top/?ref_=nv_mv_250'.</msg>
<status status="PASS" starttime="20221022 23:57:33.191" endtime="20221022 23:57:39.054"/>
</kw>
<kw name="Maximize Browser Window" library="SeleniumLibrary">
<doc>Maximizes current browser window.</doc>
<status status="PASS" starttime="20221022 23:57:39.055" endtime="20221022 23:57:39.356"/>
</kw>
<kw name="Wait And CLick Element" library="Watchlist_Keywords">
<arg>${PAGE_SIGNIN_BTN}</arg>
<doc>Wait for element to be enable before clicking</doc>
<kw name="Wait Until Element Is Enabled" library="SeleniumLibrary">
<arg>${selector}</arg>
<doc>Waits until the element ``locator`` is enabled.</doc>
<status status="PASS" starttime="20221022 23:57:39.357" endtime="20221022 23:57:39.506"/>
</kw>
<kw name="Click Element" library="SeleniumLibrary">
<arg>${selector}</arg>
<doc>Click the element identified by ``locator``.</doc>
<msg timestamp="20221022 23:57:39.510" level="INFO">Clicking element 'xpath://*[@id="imdbHeader"]/div[2]/div[5]/a/div'.</msg>
<status status="PASS" starttime="20221022 23:57:39.507" endtime="20221022 23:57:41.568"/>
</kw>
<status status="PASS" starttime="20221022 23:57:39.357" endtime="20221022 23:57:41.569"/>
</kw>
<kw name="Wait And CLick Element" library="Watchlist_Keywords">
<arg>${SIGNIN_IMDB}</arg>
<doc>Wait for element to be enable before clicking</doc>
<kw name="Wait Until Element Is Enabled" library="SeleniumLibrary">
<arg>${selector}</arg>
<doc>Waits until the element ``locator`` is enabled.</doc>
<status status="PASS" starttime="20221022 23:57:41.571" endtime="20221022 23:57:41.614"/>
</kw>
<kw name="Click Element" library="SeleniumLibrary">
<arg>${selector}</arg>
<doc>Click the element identified by ``locator``.</doc>
<msg timestamp="20221022 23:57:41.615" level="INFO">Clicking element 'class:auth-provider-text'.</msg>
<status status="PASS" starttime="20221022 23:57:41.614" endtime="20221022 23:57:42.530"/>
</kw>
<status status="PASS" starttime="20221022 23:57:41.569" endtime="20221022 23:57:42.531"/>
</kw>
<status status="PASS" starttime="20221022 23:57:33.189" endtime="20221022 23:57:42.531"/>
</kw>
<kw name="Delete From Watch-List" library="Watchlist_Keywords">
<arg>${USER_EMAIl}</arg>
<arg>${USER_PASSWORD}</arg>
<kw name="Wait And Input Text" library="Watchlist_Keywords">
<arg>${SIGNIN_EMAIL}</arg>
<arg>${username}</arg>
<doc>Wait for element to be enable before inputing text</doc>
<kw name="Wait Until Element Is Enabled" library="SeleniumLibrary">
<arg>${selector}</arg>
<doc>Waits until the element ``locator`` is enabled.</doc>
<status status="PASS" starttime="20221022 23:57:42.533" endtime="20221022 23:57:42.605"/>
</kw>
<kw name="Input Text" library="SeleniumLibrary">
<arg>${selector}</arg>
<arg>${text}</arg>
<doc>Types the given ``text`` into the text field identified by ``locator``.</doc>
<msg timestamp="20221022 23:57:42.607" level="INFO">Typing text 'dapo_aiye@yahoo.com' into text field 'id:ap_email'.</msg>
<status status="PASS" starttime="20221022 23:57:42.605" endtime="20221022 23:57:42.839"/>
</kw>
<status status="PASS" starttime="20221022 23:57:42.532" endtime="20221022 23:57:42.839"/>
</kw>
<kw name="Wait And Input Text" library="Watchlist_Keywords">
<arg>${SIGNIN_PASSWORD}</arg>
<arg>${password}</arg>
<doc>Wait for element to be enable before inputing text</doc>
<kw name="Wait Until Element Is Enabled" library="SeleniumLibrary">
<arg>${selector}</arg>
<doc>Waits until the element ``locator`` is enabled.</doc>
<status status="PASS" starttime="20221022 23:57:42.841" endtime="20221022 23:57:43.179"/>
</kw>
<kw name="Input Text" library="SeleniumLibrary">
<arg>${selector}</arg>
<arg>${text}</arg>
<doc>Types the given ``text`` into the text field identified by ``locator``.</doc>
<msg timestamp="20221022 23:57:43.180" level="INFO">Typing text 'colour123' into text field 'id:ap_password'.</msg>
<status status="PASS" starttime="20221022 23:57:43.179" endtime="20221022 23:57:43.308"/>
</kw>
<status status="PASS" starttime="20221022 23:57:42.840" endtime="20221022 23:57:43.309"/>
</kw>
<kw name="Wait And CLick Element" library="Watchlist_Keywords">
<arg>${SIGNIN_USER_BNT}</arg>
<doc>Wait for element to be enable before clicking</doc>
<kw name="Wait Until Element Is Enabled" library="SeleniumLibrary">
<arg>${selector}</arg>
<doc>Waits until the element ``locator`` is enabled.</doc>
<status status="PASS" starttime="20221022 23:57:43.311" endtime="20221022 23:57:43.355"/>
</kw>
<kw name="Click Element" library="SeleniumLibrary">
<arg>${selector}</arg>
<doc>Click the element identified by ``locator``.</doc>
<msg timestamp="20221022 23:57:43.356" level="INFO">Clicking element 'id:signInSubmit'.</msg>
<status status="PASS" starttime="20221022 23:57:43.355" endtime="20221022 23:57:43.541"/>
</kw>
<status status="PASS" starttime="20221022 23:57:43.309" endtime="20221022 23:57:43.541"/>
</kw>
<kw name="Wait And CLick Element" library="Watchlist_Keywords">
<arg>${WATCHLIST_TOP_BNT}</arg>
<doc>Wait for element to be enable before clicking</doc>
<kw name="Wait Until Element Is Enabled" library="SeleniumLibrary">
<arg>${selector}</arg>
<doc>Waits until the element ``locator`` is enabled.</doc>
<status status="PASS" starttime="20221022 23:57:43.543" endtime="20221022 23:57:48.450"/>
</kw>
<kw name="Click Element" library="SeleniumLibrary">
<arg>${selector}</arg>
<doc>Click the element identified by ``locator``.</doc>
<msg timestamp="20221022 23:57:48.451" level="INFO">Clicking element 'xpath://*[@id="imdbHeader"]/div[2]/div[4]/a'.</msg>
<status status="PASS" starttime="20221022 23:57:48.450" endtime="20221022 23:57:51.421"/>
</kw>
<status status="PASS" starttime="20221022 23:57:43.542" endtime="20221022 23:57:51.421"/>
</kw>
<kw name="Wait And CLick Element" library="Watchlist_Keywords">
<arg>${WATCHLIST_REMOVE}</arg>
<doc>Wait for element to be enable before clicking</doc>
<kw name="Wait Until Element Is Enabled" library="SeleniumLibrary">
<arg>${selector}</arg>
<doc>Waits until the element ``locator`` is enabled.</doc>
<status status="PASS" starttime="20221022 23:57:51.422" endtime="20221022 23:57:51.484"/>
</kw>
<kw name="Click Element" library="SeleniumLibrary">
<arg>${selector}</arg>
<doc>Click the element identified by ``locator``.</doc>
<msg timestamp="20221022 23:57:51.485" level="INFO">Clicking element 'xpath://*[@id="page-1"]/div/div/div[1]/div'.</msg>
<status status="PASS" starttime="20221022 23:57:51.485" endtime="20221022 23:57:51.575"/>
</kw>
<status status="PASS" starttime="20221022 23:57:51.421" endtime="20221022 23:57:51.576"/>
</kw>
<kw name="Reload Page" library="SeleniumLibrary">
<doc>Simulates user reloading page.</doc>
<status status="PASS" starttime="20221022 23:57:51.577" endtime="20221022 23:57:51.615"/>
</kw>
<kw name="Page Should Contain" library="SeleniumLibrary">
<arg>Your Watchlist is empty</arg>
<doc>Verifies that current page contains ``text``.</doc>
<msg timestamp="20221022 23:57:54.106" level="INFO">Current page contains text 'Your Watchlist is empty'.</msg>
<status status="PASS" starttime="20221022 23:57:51.616" endtime="20221022 23:57:54.106"/>
</kw>
<kw name="Close Browser" library="SeleniumLibrary" type="TEARDOWN">
<doc>Closes the current browser.</doc>
<status status="PASS" starttime="20221022 23:57:54.106" endtime="20221022 23:57:56.626"/>
</kw>
<status status="PASS" starttime="20221022 23:57:42.531" endtime="20221022 23:57:56.627"/>
</kw>
<status status="PASS" starttime="20221022 23:57:33.187" endtime="20221022 23:57:56.628"/>
</test>
<doc>Validation of Watch-List</doc>
<status status="PASS" starttime="20221022 23:57:04.193" endtime="20221022 23:57:56.631"/>
</suite>
<statistics>
<total>
<stat pass="2" fail="0" skip="0">All Tests</stat>
</total>
<tag>
</tag>
<suite>
<stat pass="2" fail="0" skip="0" id="s1" name="Watchlist Test">Watchlist Test</stat>
</suite>
</statistics>
<errors>
</errors>
</robot>
